Running auto pusher script [Sun Jun 15 13:10:30 EDT 2025]
Starting autoPush at Sun Jun 15 13:10:30 EDT 2025
Already up to date.
Total number of messages: 50
Selected message: 'perf: Optimize rendering of large lists'
[master 84d3158] perf: Optimize rendering of large lists
 1 file changed, 3 insertions(+)
 create mode 100644 autoPusherLogs.log
error: src refspec main does not match any
error: failed to push some refs to 'https://github.com/npmRunTheWorld/autoPusher.git'
autoPush completed.
Running auto pusher script [Sun Jun 15 13:13:24 EDT 2025]
Starting autoPush at Sun Jun 15 13:13:24 EDT 2025
Already up to date.
Total number of messages: 50
Selected message: 'style: Format code according to project guidelines'
[master d834d96] style: Format code according to project guidelines
 1 file changed, 11 insertions(+)
error: src refspec main does not match any
error: failed to push some refs to 'https://github.com/npmRunTheWorld/autoPusher.git'
autoPush completed.
Running auto pusher script [Sun Jun 15 13:23:25 EDT 2025]
Starting autoPush at Sun Jun 15 13:23:25 EDT 2025
Already up to date.
